app/build/intermediates/manifest_merge_blame_file/debug/manifest-merger-blame-debug-report.txt
1<?xml version="1.0" encoding="utf-8"?>
2<manifest xmlns:android="http://schemas.android.com/apk/res/android"
3    package="com.unicon.mini"
4    android:versionCode="1"
5    android:versionName="1.0" >
6
7    <uses-sdk
8        android:minSdkVersion="21"
8-->src/main/AndroidManifest.xml
9        android:targetSdkVersion="32" />
9-->src/main/AndroidManifest.xml
10
11    <uses-permission android:name="android.permission.INTERNET" />
11-->src/main/AndroidManifest.xml:5:5-67
11-->src/main/AndroidManifest.xml:5:22-64
12    <uses-permission android:name="android.permission.READ_EXTERNAL_STORAGE" />
12-->src/main/AndroidManifest.xml:6:5-80
12-->src/main/AndroidManifest.xml:6:22-77
13    <uses-permission android:name="android.permission.CAMERA" />
13-->src/main/AndroidManifest.xml:7:5-65
13-->src/main/AndroidManifest.xml:7:22-62
14
15    <!-- Although the *SdkVersion is captured in gradle build files, this is required for non gradle builds -->
16    <!-- <uses-sdk android:minSdkVersion="14"/> -->
17    <uses-permission android:name="android.permission.ACCESS_NETWORK_STATE" />
17-->[com.google.firebase:firebase-database:20.0.6] AndroidManifest.xml:25:5-79
17-->[com.google.firebase:firebase-database:20.0.6] AndroidManifest.xml:25:22-76
18
19    <application
19-->src/main/AndroidManifest.xml:9:5-71:19
20        android:allowBackup="true"
20-->src/main/AndroidManifest.xml:10:9-35
21        android:appComponentFactory="androidx.core.app.CoreComponentFactory"
21-->[androidx.core:core:1.7.0] AndroidManifest.xml:24:18-86
22        android:dataExtractionRules="@xml/data_extraction_rules"
22-->src/main/AndroidManifest.xml:11:9-65
23        android:debuggable="true"
24        android:fullBackupContent="@xml/backup_rules"
24-->src/main/AndroidManifest.xml:12:9-54
25        android:icon="@mipmap/ic_launcher"
25-->src/main/AndroidManifest.xml:13:9-43
26        android:label="@string/app_name"
26-->src/main/AndroidManifest.xml:14:9-41
27        android:roundIcon="@mipmap/ic_launcher_round"
27-->src/main/AndroidManifest.xml:15:9-54
28        android:supportsRtl="true"
28-->src/main/AndroidManifest.xml:16:9-35
29        android:testOnly="true"
30        android:theme="@style/Theme.Mini"
30-->src/main/AndroidManifest.xml:17:9-42
31        android:usesCleartextTraffic="true" >
31-->src/main/AndroidManifest.xml:18:9-44
32        <activity
32-->src/main/AndroidManifest.xml:20:9-22:40
33            android:name="com.unicon.mini.Questionnaire3"
33-->src/main/AndroidManifest.xml:21:13-43
34            android:exported="false" />
34-->src/main/AndroidManifest.xml:22:13-37
35        <activity
35-->src/main/AndroidManifest.xml:23:9-25:40
36            android:name="com.unicon.mini.Questionnaire2"
36-->src/main/AndroidManifest.xml:24:13-43
37            android:exported="false" />
37-->src/main/AndroidManifest.xml:25:13-37
38        <activity
38-->src/main/AndroidManifest.xml:26:9-28:40
39            android:name="com.unicon.mini.Remedies_result"
39-->src/main/AndroidManifest.xml:27:13-44
40            android:exported="false" />
40-->src/main/AndroidManifest.xml:28:13-37
41        <activity
41-->src/main/AndroidManifest.xml:29:9-34:61
42            android:name="com.unicon.mini.Questionnaire"
42-->src/main/AndroidManifest.xml:30:13-42
43            android:exported="false"
43-->src/main/AndroidManifest.xml:31:13-37
44            android:label="@string/title_activity_questionnaire"
44-->src/main/AndroidManifest.xml:32:13-65
45            android:screenOrientation="portrait"
45-->src/main/AndroidManifest.xml:33:13-49
46            android:theme="@style/Theme.Mini.NoActionBar" />
46-->src/main/AndroidManifest.xml:34:13-58
47        <activity
47-->src/main/AndroidManifest.xml:35:9-42:20
48            android:name="com.unicon.mini.Qrcode"
48-->src/main/AndroidManifest.xml:36:13-35
49            android:exported="false"
49-->src/main/AndroidManifest.xml:37:13-37
50            android:screenOrientation="portrait" >
50-->src/main/AndroidManifest.xml:38:13-49
51            <meta-data
51-->src/main/AndroidManifest.xml:39:13-41:36
52                android:name="android.app.lib_name"
52-->src/main/AndroidManifest.xml:40:17-52
53                android:value="" />
53-->src/main/AndroidManifest.xml:41:17-33
54        </activity>
55        <activity
55-->src/main/AndroidManifest.xml:43:9-46:52
56            android:name="com.unicon.mini.result"
56-->src/main/AndroidManifest.xml:44:13-35
57            android:exported="false"
57-->src/main/AndroidManifest.xml:45:13-37
58            android:screenOrientation="portrait" />
58-->src/main/AndroidManifest.xml:46:13-49
59        <activity
59-->src/main/AndroidManifest.xml:47:9-50:52
60            android:name="com.unicon.mini.ImageView"
60-->src/main/AndroidManifest.xml:48:13-38
61            android:exported="false"
61-->src/main/AndroidManifest.xml:49:13-37
62            android:screenOrientation="portrait" />
62-->src/main/AndroidManifest.xml:50:13-49
63        <activity
63-->src/main/AndroidManifest.xml:51:9-60:20
64            android:name="com.unicon.mini.SplashScreen"
64-->src/main/AndroidManifest.xml:52:13-41
65            android:exported="true"
65-->src/main/AndroidManifest.xml:53:13-36
66            android:screenOrientation="portrait" >
66-->src/main/AndroidManifest.xml:54:13-49
67            <intent-filter>
67-->src/main/AndroidManifest.xml:55:13-59:29
68                <action android:name="android.intent.action.MAIN" />
68-->src/main/AndroidManifest.xml:56:17-69
68-->src/main/AndroidManifest.xml:56:25-66
69
70                <category android:name="android.intent.category.LAUNCHER" />
70-->src/main/AndroidManifest.xml:58:17-77
70-->src/main/AndroidManifest.xml:58:27-74
71            </intent-filter>
72        </activity>
73        <activity
73-->src/main/AndroidManifest.xml:61:9-70:20
74            android:name="com.unicon.mini.MainActivity"
74-->src/main/AndroidManifest.xml:62:13-41
75            android:exported="true"
75-->src/main/AndroidManifest.xml:63:13-36
76            android:screenOrientation="portrait" >
76-->src/main/AndroidManifest.xml:64:13-49
77            <intent-filter>
77-->src/main/AndroidManifest.xml:55:13-59:29
78                <action android:name="android.intent.action.MAIN" />
78-->src/main/AndroidManifest.xml:56:17-69
78-->src/main/AndroidManifest.xml:56:25-66
79
80                <category android:name="android.intent.category.LAUNCHER" />
80-->src/main/AndroidManifest.xml:58:17-77
80-->src/main/AndroidManifest.xml:58:27-74
81            </intent-filter>
82        </activity>
83        <activity
83-->[com.karumi:dexter:6.0.2] AndroidManifest.xml:27:9-29:72
84            android:name="com.karumi.dexter.DexterActivity"
84-->[com.karumi:dexter:6.0.2] AndroidManifest.xml:28:13-60
85            android:theme="@style/Dexter.Internal.Theme.Transparent" />
85-->[com.karumi:dexter:6.0.2] AndroidManifest.xml:29:13-69
86
87        <service
87-->[com.google.firebase:firebase-database:20.0.6] AndroidManifest.xml:29:9-35:19
88            android:name="com.google.firebase.components.ComponentDiscoveryService"
88-->[com.google.firebase:firebase-database:20.0.6] AndroidManifest.xml:30:13-84
89            android:directBootAware="true"
89-->[com.google.firebase:firebase-common:20.1.2] AndroidManifest.xml:35:13-43
90            android:exported="false" >
90-->[com.google.firebase:firebase-database:20.0.6] AndroidManifest.xml:31:13-37
91            <meta-data
91-->[com.google.firebase:firebase-database:20.0.6] AndroidManifest.xml:32:13-34:85
92                android:name="com.google.firebase.components:com.google.firebase.database.DatabaseRegistrar"
92-->[com.google.firebase:firebase-database:20.0.6] AndroidManifest.xml:33:17-109
93                android:value="com.google.firebase.components.ComponentRegistrar" />
93-->[com.google.firebase:firebase-database:20.0.6] AndroidManifest.xml:34:17-82
94            <meta-data
94-->[com.google.firebase:firebase-storage:20.0.2] AndroidManifest.xml:33:13-35:85
95                android:name="com.google.firebase.components:com.google.firebase.storage.StorageRegistrar"
95-->[com.google.firebase:firebase-storage:20.0.2] AndroidManifest.xml:34:17-107
96                android:value="com.google.firebase.components.ComponentRegistrar" />
96-->[com.google.firebase:firebase-storage:20.0.2] AndroidManifest.xml:35:17-82
97        </service>
98
99        <activity
99-->[com.google.android.gms:play-services-base:18.0.1] AndroidManifest.xml:20:9-22:45
100            android:name="com.google.android.gms.common.api.GoogleApiActivity"
100-->[com.google.android.gms:play-services-base:18.0.1] AndroidManifest.xml:20:19-85
101            android:exported="false"
101-->[com.google.android.gms:play-services-base:18.0.1] AndroidManifest.xml:22:19-43
102            android:theme="@android:style/Theme.Translucent.NoTitleBar" />
102-->[com.google.android.gms:play-services-base:18.0.1] AndroidManifest.xml:21:19-78
103
104        <provider
104-->[com.google.firebase:firebase-common:20.1.2] AndroidManifest.xml:26:9-31:39
105            android:name="com.google.firebase.provider.FirebaseInitProvider"
105-->[com.google.firebase:firebase-common:20.1.2] AndroidManifest.xml:27:13-77
106            android:authorities="com.unicon.mini.firebaseinitprovider"
106-->[com.google.firebase:firebase-common:20.1.2] AndroidManifest.xml:28:13-72
107            android:directBootAware="true"
107-->[com.google.firebase:firebase-common:20.1.2] AndroidManifest.xml:29:13-43
108            android:exported="false"
108-->[com.google.firebase:firebase-common:20.1.2] AndroidManifest.xml:30:13-37
109            android:initOrder="100" />
109-->[com.google.firebase:firebase-common:20.1.2] AndroidManifest.xml:31:13-36
110
111        <meta-data
111-->[com.google.android.gms:play-services-basement:18.1.0] AndroidManifest.xml:21:9-23:69
112            android:name="com.google.android.gms.version"
112-->[com.google.android.gms:play-services-basement:18.1.0] AndroidManifest.xml:22:13-58
113            android:value="@integer/google_play_services_version" />
113-->[com.google.android.gms:play-services-basement:18.1.0] AndroidManifest.xml:23:13-66
114
115        <provider
115-->[androidx.emoji2:emoji2:1.0.0] AndroidManifest.xml:26:9-34:20
116            android:name="androidx.startup.InitializationProvider"
116-->[androidx.emoji2:emoji2:1.0.0] AndroidManifest.xml:27:13-67
117            android:authorities="com.unicon.mini.androidx-startup"
117-->[androidx.emoji2:emoji2:1.0.0] AndroidManifest.xml:28:13-68
118            android:exported="false" >
118-->[androidx.emoji2:emoji2:1.0.0] AndroidManifest.xml:29:13-37
119            <meta-data
119-->[androidx.emoji2:emoji2:1.0.0] AndroidManifest.xml:31:13-33:52
120                android:name="androidx.emoji2.text.EmojiCompatInitializer"
120-->[androidx.emoji2:emoji2:1.0.0] AndroidManifest.xml:32:17-75
121                android:value="androidx.startup" />
121-->[androidx.emoji2:emoji2:1.0.0] AndroidManifest.xml:33:17-49
122            <meta-data
122-->[androidx.lifecycle:lifecycle-process:2.4.0] AndroidManifest.xml:31:13-33:52
123                android:name="androidx.lifecycle.ProcessLifecycleInitializer"
123-->[androidx.lifecycle:lifecycle-process:2.4.0] AndroidManifest.xml:32:17-78
124                android:value="androidx.startup" />
124-->[androidx.lifecycle:lifecycle-process:2.4.0] AndroidManifest.xml:33:17-49
125        </provider>
126
127        <uses-library
127-->[androidx.window:window:1.0.0] AndroidManifest.xml:25:9-27:40
128            android:name="androidx.window.extensions"
128-->[androidx.window:window:1.0.0] AndroidManifest.xml:26:13-54
129            android:required="false" />
129-->[androidx.window:window:1.0.0] AndroidManifest.xml:27:13-37
130        <uses-library
130-->[androidx.window:window:1.0.0] AndroidManifest.xml:28:9-30:40
131            android:name="androidx.window.sidecar"
131-->[androidx.window:window:1.0.0] AndroidManifest.xml:29:13-51
132            android:required="false" />
132-->[androidx.window:window:1.0.0] AndroidManifest.xml:30:13-37
133    </application>
134
135</manifest>